<?xml version="1.0" encoding="UTF-8"?><testrun name="Rerun testreadByName()" project="ABCBankingAdmin" tests="1" started="1" failures="1" errors="0" ignored="0">
  <testsuite name="com.example.controller.CustomerControllerTest" time="0.188" displayname="CustomerControllerTest" uniqueid="[engine:junit-jupiter]/[class:com.example.controller.CustomerControllerTest]">
    <testcase name="testreadByName" classname="com.example.controller.CustomerControllerTest" time="0.188" displayname="testreadByName()" uniqueid="[engine:junit-jupiter]/[class:com.example.controller.CustomerControllerTest]/[method:testreadByName()]">
      <failure>java.lang.AssertionError: No value at JSON path "$[0].name"&#13;
	at org.springframework.test.util.JsonPathExpectationsHelper.evaluateJsonPath(JsonPathExpectationsHelper.java:302)&#13;
	at org.springframework.test.util.JsonPathExpectationsHelper.assertValue(JsonPathExpectationsHelper.java:99)&#13;
	at org.springframework.test.web.servlet.result.JsonPathResultMatchers.lambda$value$2(JsonPathResultMatchers.java:111)&#13;
	at org.springframework.test.web.servlet.MockMvc$1.andExpect(MockMvc.java:214)&#13;
	at com.example.controller.CustomerControllerTest.testreadByName(CustomerControllerTest.java:97)&#13;
	at java.base/java.lang.reflect.Method.invoke(Method.java:568)&#13;
	at java.base/java.util.ArrayList.forEach(ArrayList.java:1511)&#13;
	at java.base/java.util.ArrayList.forEach(ArrayList.java:1511)&#13;
Caused by: com.jayway.jsonpath.PathNotFoundException: No results for path: $[0]['name']&#13;
&#13;
</failure>
    </testcase>
  </testsuite>
</testrun>
