<?xml version="1.0" encoding="UTF-8"?><testrun name="Rerun testRead()" project="ABCBankingUserr" tests="1" started="1" failures="1" errors="0" ignored="0">
  <testsuite name="com.example.controller.AccountControllerTest" time="0.181" displayname="AccountControllerTest" uniqueid="[engine:junit-jupiter]/[class:com.example.controller.AccountControllerTest]">
    <testcase name="testRead" classname="com.example.controller.AccountControllerTest" time="0.181" displayname="testRead()" uniqueid="[engine:junit-jupiter]/[class:com.example.controller.AccountControllerTest]/[method:testRead()]">
      <failure>java.lang.AssertionError: No value at JSON path "$[0].accountholdername"&#13;
	at org.springframework.test.util.JsonPathExpectationsHelper.evaluateJsonPath(JsonPathExpectationsHelper.java:302)&#13;
	at org.springframework.test.util.JsonPathExpectationsHelper.assertValue(JsonPathExpectationsHelper.java:99)&#13;
	at org.springframework.test.web.servlet.result.JsonPathResultMatchers.lambda$value$2(JsonPathResultMatchers.java:111)&#13;
	at org.springframework.test.web.servlet.MockMvc$1.andExpect(MockMvc.java:214)&#13;
	at com.example.controller.AccountControllerTest.testRead(AccountControllerTest.java:72)&#13;
	at java.base/java.lang.reflect.Method.invoke(Method.java:568)&#13;
	at java.base/java.util.ArrayList.forEach(ArrayList.java:1511)&#13;
	at java.base/java.util.ArrayList.forEach(ArrayList.java:1511)&#13;
Caused by: com.jayway.jsonpath.PathNotFoundException: No results for path: $[0]['accountholdername']&#13;
&#13;
</failure>
    </testcase>
  </testsuite>
</testrun>
