<?xml version="1.0" encoding="UTF-8"?><testrun name="AccountControllerTest" project="ABCBankingUserr" tests="3" started="3" failures="2" errors="0" ignored="0">
  <testsuite name="com.example.controller.AccountControllerTest" time="0.279" displayname="AccountControllerTest" uniqueid="[engine:junit-jupiter]/[class:com.example.controller.AccountControllerTest]">
    <testcase name="testAdd" classname="com.example.controller.AccountControllerTest" time="0.197" displayname="testAdd()" uniqueid="[engine:junit-jupiter]/[class:com.example.controller.AccountControllerTest]/[method:testAdd()]">
      <failure>
        <expected>com.example.service.AccountService#0 bean.createAccount(
    com.example.model.Account@3d59933
);</expected>
        <actual>com.example.service.AccountService#0 bean.createAccount(
    com.example.model.Account@65259c53
);
</actual>
        Argument(s) are different! Wanted:
com.example.service.AccountService#0 bean.createAccount(
    com.example.model.Account@3d59933
);
-&gt; at com.example.service.AccountService.createAccount(AccountService.java:19)
Actual invocations have different arguments:
com.example.service.AccountService#0 bean.createAccount(
    com.example.model.Account@65259c53
);
-&gt; at com.example.controller.AccountController.createAccount(AccountController.java:21)
&#13;
	at com.example.service.AccountService.createAccount(AccountService.java:19)&#13;
	at com.example.controller.AccountControllerTest.testAdd(AccountControllerTest.java:95)&#13;
	at java.base/java.lang.reflect.Method.invoke(Method.java:568)&#13;
	at java.base/java.util.ArrayList.forEach(ArrayList.java:1511)&#13;
	at java.base/java.util.ArrayList.forEach(ArrayList.java:1511)&#13;
&#13;

      </failure>
    </testcase>
    <testcase name="testRead" classname="com.example.controller.AccountControllerTest" time="0.059" displayname="testRead()" uniqueid="[engine:junit-jupiter]/[class:com.example.controller.AccountControllerTest]/[method:testRead()]"/>
    <testcase name="testreadOne" classname="com.example.controller.AccountControllerTest" time="0.018" displayname="testreadOne()" uniqueid="[engine:junit-jupiter]/[class:com.example.controller.AccountControllerTest]/[method:testreadOne()]">
      <failure>java.lang.AssertionError: Status expected:&lt;200&gt; but was:&lt;404&gt;&#13;
	at org.springframework.test.util.AssertionErrors.fail(AssertionErrors.java:59)&#13;
	at org.springframework.test.util.AssertionErrors.assertEquals(AssertionErrors.java:122)&#13;
	at org.springframework.test.web.servlet.result.StatusResultMatchers.lambda$matcher$9(StatusResultMatchers.java:637)&#13;
	at org.springframework.test.web.servlet.MockMvc$1.andExpect(MockMvc.java:214)&#13;
	at com.example.controller.AccountControllerTest.testreadOne(AccountControllerTest.java:82)&#13;
	at java.base/java.lang.reflect.Method.invoke(Method.java:568)&#13;
	at java.base/java.util.ArrayList.forEach(ArrayList.java:1511)&#13;
	at java.base/java.util.ArrayList.forEach(ArrayList.java:1511)&#13;
&#13;
</failure>
    </testcase>
  </testsuite>
</testrun>
